<?xml version="1.0" encoding="UTF-8"?>
<testsuite xmlns:xsi="http://www.w3.org/2001/XMLSchema-instance" xsi:noNamespaceSchemaLocation="https://maven.apache.org/surefire/maven-surefire-plugin/xsd/surefire-test-report.xsd" version="3.0.2" name="io.github.abdirashidexe.centroidfinder.dfsBinaryGroupFinderTest" time="0.076" tests="20" errors="0" skipped="0" failures="0">
  <properties>
    <property name="java.specification.version" value="25"/>
    <property name="sun.cpu.isalist" value="amd64"/>
    <property name="sun.jnu.encoding" value="Cp1252"/>
    <property name="java.class.path" value="C:\Users\abdir\Downloads\sdev334\centroid-finder-2-test\processor\target\test-classes;C:\Users\abdir\Downloads\sdev334\centroid-finder-2-test\processor\target\classes;C:\Users\abdir\.m2\repository\org\junit\jupiter\junit-jupiter\5.10.0\junit-jupiter-5.10.0.jar;C:\Users\abdir\.m2\repository\org\junit\jupiter\junit-jupiter-api\5.10.0\junit-jupiter-api-5.10.0.jar;C:\Users\abdir\.m2\repository\org\opentest4j\opentest4j\1.3.0\opentest4j-1.3.0.jar;C:\Users\abdir\.m2\repository\org\junit\platform\junit-platform-commons\1.10.0\junit-platform-commons-1.10.0.jar;C:\Users\abdir\.m2\repository\org\apiguardian\apiguardian-api\1.1.2\apiguardian-api-1.1.2.jar;C:\Users\abdir\.m2\repository\org\junit\jupiter\junit-jupiter-params\5.10.0\junit-jupiter-params-5.10.0.jar;C:\Users\abdir\.m2\repository\org\junit\jupiter\junit-jupiter-engine\5.10.0\junit-jupiter-engine-5.10.0.jar;C:\Users\abdir\.m2\repository\org\junit\platform\junit-platform-engine\1.10.0\junit-platform-engine-1.10.0.jar;C:\Users\abdir\.m2\repository\org\jcodec\jcodec-javase\0.2.5\jcodec-javase-0.2.5.jar;C:\Users\abdir\.m2\repository\org\jcodec\jcodec\0.2.5\jcodec-0.2.5.jar;"/>
    <property name="java.vm.vendor" value="Oracle Corporation"/>
    <property name="sun.arch.data.model" value="64"/>
    <property name="user.variant" value=""/>
    <property name="java.vendor.url" value="https://java.oracle.com/"/>
    <property name="user.timezone" value="America/Los_Angeles"/>
    <property name="os.name" value="Windows 11"/>
    <property name="java.vm.specification.version" value="25"/>
    <property name="sun.java.launcher" value="SUN_STANDARD"/>
    <property name="user.country" value="US"/>
    <property name="sun.boot.library.path" value="C:\Users\abdir\tools\jdk-25.0.1\bin"/>
    <property name="sun.java.command" value="C:\Users\abdir\AppData\Local\Temp\surefire15510114983256352482\surefirebooter-20251030121534253_3.jar C:\Users\abdir\AppData\Local\Temp\surefire15510114983256352482 2025-10-30T12-15-33_927-jvmRun1 surefire-20251030121534253_1tmp surefire_0-20251030121534253_2tmp"/>
    <property name="jdk.debug" value="release"/>
    <property name="surefire.test.class.path" value="C:\Users\abdir\Downloads\sdev334\centroid-finder-2-test\processor\target\test-classes;C:\Users\abdir\Downloads\sdev334\centroid-finder-2-test\processor\target\classes;C:\Users\abdir\.m2\repository\org\junit\jupiter\junit-jupiter\5.10.0\junit-jupiter-5.10.0.jar;C:\Users\abdir\.m2\repository\org\junit\jupiter\junit-jupiter-api\5.10.0\junit-jupiter-api-5.10.0.jar;C:\Users\abdir\.m2\repository\org\opentest4j\opentest4j\1.3.0\opentest4j-1.3.0.jar;C:\Users\abdir\.m2\repository\org\junit\platform\junit-platform-commons\1.10.0\junit-platform-commons-1.10.0.jar;C:\Users\abdir\.m2\repository\org\apiguardian\apiguardian-api\1.1.2\apiguardian-api-1.1.2.jar;C:\Users\abdir\.m2\repository\org\junit\jupiter\junit-jupiter-params\5.10.0\junit-jupiter-params-5.10.0.jar;C:\Users\abdir\.m2\repository\org\junit\jupiter\junit-jupiter-engine\5.10.0\junit-jupiter-engine-5.10.0.jar;C:\Users\abdir\.m2\repository\org\junit\platform\junit-platform-engine\1.10.0\junit-platform-engine-1.10.0.jar;C:\Users\abdir\.m2\repository\org\jcodec\jcodec-javase\0.2.5\jcodec-javase-0.2.5.jar;C:\Users\abdir\.m2\repository\org\jcodec\jcodec\0.2.5\jcodec-0.2.5.jar;"/>
    <property name="sun.cpu.endian" value="little"/>
    <property name="user.home" value="C:\Users\abdir"/>
    <property name="user.language" value="en"/>
    <property name="java.specification.vendor" value="Oracle Corporation"/>
    <property name="java.version.date" value="2025-10-21"/>
    <property name="java.home" value="C:\Users\abdir\tools\jdk-25.0.1"/>
    <property name="file.separator" value="\"/>
    <property name="basedir" value="C:\Users\abdir\Downloads\sdev334\centroid-finder-2-test\processor"/>
    <property name="java.vm.compressedOopsMode" value="Zero based"/>
    <property name="line.separator" value="&#10;"/>
    <property name="java.vm.specification.vendor" value="Oracle Corporation"/>
    <property name="java.specification.name" value="Java Platform API Specification"/>
    <property name="surefire.real.class.path" value="C:\Users\abdir\AppData\Local\Temp\surefire15510114983256352482\surefirebooter-20251030121534253_3.jar"/>
    <property name="user.script" value=""/>
    <property name="sun.management.compiler" value="HotSpot 64-Bit Tiered Compilers"/>
    <property name="java.runtime.version" value="25.0.1+8-LTS-27"/>
    <property name="user.name" value="abdir"/>
    <property name="stdout.encoding" value="Cp1252"/>
    <property name="path.separator" value=";"/>
    <property name="os.version" value="10.0"/>
    <property name="java.runtime.name" value="Java(TM) SE Runtime Environment"/>
    <property name="file.encoding" value="UTF-8"/>
    <property name="java.vm.name" value="Java HotSpot(TM) 64-Bit Server VM"/>
    <property name="localRepository" value="C:\Users\abdir\.m2\repository"/>
    <property name="java.vendor.url.bug" value="https://bugreport.java.com/bugreport/"/>
    <property name="java.io.tmpdir" value="C:\Users\abdir\AppData\Local\Temp\"/>
    <property name="java.version" value="25.0.1"/>
    <property name="user.dir" value="C:\Users\abdir\Downloads\sdev334\centroid-finder-2-test\processor"/>
    <property name="os.arch" value="amd64"/>
    <property name="java.vm.specification.name" value="Java Virtual Machine Specification"/>
    <property name="sun.os.patch.level" value=""/>
    <property name="native.encoding" value="Cp1252"/>
    <property name="java.library.path" value="C:\Users\abdir\tools\jdk-25.0.1\bin;C:\Windows\Sun\Java\bin;C:\Windows\system32;C:\Windows;C:\Users\abdir\tools\jdk-25.0.1\bin;C:\Users\abdir\bin;C:\Program Files\Git\mingw64\bin;C:\Program Files\Git\usr\local\bin;C:\Program Files\Git\usr\bin;C:\Program Files\Git\usr\bin;C:\Program Files\Git\mingw64\bin;C:\Program Files\Git\usr\bin;C:\Users\abdir\bin;C:\Program Files\Common Files\Oracle\Java\javapath;C:\Program Files (x86)\Common Files\Oracle\Java\java8path;C:\Program Files (x86)\Common Files\Oracle\Java\javapath;C:\Windows\system32;C:\Windows;C:\Windows\System32\Wbem;C:\Windows\System32\WindowsPowerShell\v1.0;C:\Windows\System32\OpenSSH;C:\Program Files\dotnet;C:\Program Files\Docker\Docker\resources\bin;C:\Program Files\Git\cmd;C:\Program Files\nodejs;C:\Program Files\Maven\apache-maven-3.9.11\bin;C:\Users\abdir\tools\jdk-25.0.1\bin;C:\Users\abdir\AppData\Local\Microsoft\WindowsApps;C:\Users\abdir\AppData\Local\Programs\Microsoft VS Code\bin;C:\Users\abdir\AppData\Roaming\npm;C:\Users\abdir\AppData\Local\PowerToys;C:\Program Files\Git\usr\bin\vendor_perl;C:\Program Files\Git\usr\bin\core_perl;."/>
    <property name="java.vm.info" value="mixed mode, sharing"/>
    <property name="stderr.encoding" value="Cp1252"/>
    <property name="java.vendor" value="Oracle Corporation"/>
    <property name="java.vm.version" value="25.0.1+8-LTS-27"/>
    <property name="stdin.encoding" value="Cp1252"/>
    <property name="sun.io.unicode.encoding" value="UnicodeLittle"/>
    <property name="java.class.version" value="69.0"/>
  </properties>
  <testcase name="testFindConnectedGroups_MultipleGroupsInImage" classname="io.github.abdirashidexe.centroidfinder.dfsBinaryGroupFinderTest" time="0.02"/>
  <testcase name="testNoDiagonalConnection" classname="io.github.abdirashidexe.centroidfinder.dfsBinaryGroupFinderTest" time="0.0"/>
  <testcase name="testReturnGroupList_singleConnectedPixel" classname="io.github.abdirashidexe.centroidfinder.dfsBinaryGroupFinderTest" time="0.001"/>
  <testcase name="testSinglePixelOne" classname="io.github.abdirashidexe.centroidfinder.dfsBinaryGroupFinderTest" time="0.0"/>
  <testcase name="testComplexShapeMultipleGroups" classname="io.github.abdirashidexe.centroidfinder.dfsBinaryGroupFinderTest" time="0.0"/>
  <testcase name="testNullSubArrayThrowsException" classname="io.github.abdirashidexe.centroidfinder.dfsBinaryGroupFinderTest" time="0.002"/>
  <testcase name="testNullArrayThrowsException" classname="io.github.abdirashidexe.centroidfinder.dfsBinaryGroupFinderTest" time="0.001"/>
  <testcase name="testReturnGroupList_verticallyAndHorizontalMultipleConnectedPixel" classname="io.github.abdirashidexe.centroidfinder.dfsBinaryGroupFinderTest" time="0.001"/>
  <testcase name="testReturnGroupList_multipleConnectedPixel" classname="io.github.abdirashidexe.centroidfinder.dfsBinaryGroupFinderTest" time="0.0"/>
  <testcase name="testDFScoordinates" classname="io.github.abdirashidexe.centroidfinder.dfsBinaryGroupFinderTest" time="0.001"/>
  <testcase name="testVerticalConnection" classname="io.github.abdirashidexe.centroidfinder.dfsBinaryGroupFinderTest" time="0.006"/>
  <testcase name="testHorizontalConnection" classname="io.github.abdirashidexe.centroidfinder.dfsBinaryGroupFinderTest" time="0.001"/>
  <testcase name="testGroupsAreSortedDescending" classname="io.github.abdirashidexe.centroidfinder.dfsBinaryGroupFinderTest" time="0.001"/>
  <testcase name="testSinglePixelZero" classname="io.github.abdirashidexe.centroidfinder.dfsBinaryGroupFinderTest" time="0.001"/>
  <testcase name="testCalculateCentroid_SmallImage" classname="io.github.abdirashidexe.centroidfinder.dfsBinaryGroupFinderTest" time="0.001"/>
  <testcase name="testSingleGroup_PixelCount" classname="io.github.abdirashidexe.centroidfinder.dfsBinaryGroupFinderTest" time="0.001"/>
  <testcase name="testEmptyArrayThrowsException" classname="io.github.abdirashidexe.centroidfinder.dfsBinaryGroupFinderTest" time="0.002"/>
  <testcase name="testCentroidIntegerDivision" classname="io.github.abdirashidexe.centroidfinder.dfsBinaryGroupFinderTest" time="0.001"/>
  <testcase name="testTwoSeparateGroups" classname="io.github.abdirashidexe.centroidfinder.dfsBinaryGroupFinderTest" time="0.001"/>
  <testcase name="testSingleGroup" classname="io.github.abdirashidexe.centroidfinder.dfsBinaryGroupFinderTest" time="0.0"/>
</testsuite>